<?xml version="1.0" encoding="UTF-8"?>
<!-- Generated by org.testng.reporters.JUnitReportReporter -->
<testsuite hostname="LAPTOP-HC235GC5" failures="0" tests="1" name="testCases.TC003_AccountOverview" time="10.123" errors="0" timestamp="2025-08-02T00:02:27 IST" skipped="0">
  <testcase classname="testCases.TC003_AccountOverview" name="verify_account_overview" time="10.123"/>
</testsuite> <!-- testCases.TC003_AccountOverview -->
