<?xml version="1.0" encoding="UTF-8"?>
<!-- Generated by org.testng.reporters.JUnitReportReporter -->
<testsuite hostname="LAPTOP-HC235GC5" failures="0" tests="1" name="testCases.TC005_TransferFundsTest" time="1.471" errors="0" timestamp="2025-08-30T16:23:10 IST" skipped="0">
  <testcase classname="testCases.TC005_TransferFundsTest" name="verify_transferFunds" time="1.471"/>
</testsuite> <!-- testCases.TC005_TransferFundsTest -->
