<?xml version="1.0" encoding="UTF-8"?>
<!-- Generated by org.testng.reporters.JUnitReportReporter -->
<testsuite hostname="LAPTOP-HC235GC5" failures="0" tests="1" name="testCases.TC003_AccountOverviewTest" time="1.112" errors="0" timestamp="2025-08-30T16:46:01 IST" skipped="0">
  <testcase classname="testCases.TC003_AccountOverviewTest" name="verify_account_overview" time="1.112"/>
</testsuite> <!-- testCases.TC003_AccountOverviewTest -->
