<?xml version="1.0" encoding="UTF-8"?>
<!-- Generated by org.testng.reporters.JUnitReportReporter -->
<testsuite hostname="LAPTOP-HC235GC5" failures="0" tests="1" name="testCases.TC001_AccountRegistrationTest" time="2.820" errors="0" timestamp="2025-08-02T10:44:45 IST" skipped="0">
  <testcase classname="testCases.TC001_AccountRegistrationTest" name="verify_account_registration" time="2.820"/>
</testsuite> <!-- testCases.TC001_AccountRegistrationTest -->
